2019-41-28 22:41:46.548 [main] ERROR  - null
2019-43-28 22:43:03.647 [main] ERROR  - null
2019-45-28 22:45:54.405 [main] ERROR  - null
2019-48-28 22:48:07.963 [main] ERROR  - null
2019-54-28 22:54:51.204 [main] ERROR  - null
2019-05-28 23:05:39.148 [main] ERROR  - null
2019-13-28 23:13:57.889 [main] ERROR  - null
2019-18-28 23:18:44.862 [main] ERROR  - null
2019-21-28 23:21:42.014 [main] ERROR  - null
2019-24-28 23:24:20.902 [main] ERROR  - null
2019-40-28 23:40:03.675 [main] ERROR  - null
2019-41-28 23:41:21.151 [main] ERROR  - null
2019-42-28 23:42:22.884 [main] ERROR  - null
2019-44-28 23:44:02.949 [main] ERROR  - null
2019-47-28 23:47:22.733 [main] ERROR  - null
2019-19-29 00:19:51.295 [main] ERROR  - null
2019-21-29 00:21:31.849 [main] ERROR  - null
2019-22-29 00:22:40.292 [main] ERROR  - null
2019-25-29 00:25:14.033 [main] ERROR  - null
2019-58-29 09:58:13.512 [main] ERROR  - There were 2 errors:
  org.openqa.selenium.SessionNotCreatedException(Unable to create a new remote session. Please check the server log for more details. Original error: An unknown server-side error occurred while processing the command. Original error: Could not find app apk at C:\Users\Marina\IdeaProjects\homework_16\src\main\resources\Rozetka_v3.2.2.apk (WARNING: The server did not provide any stacktrace information)
Command duration or timeout: 535 milliseconds
Build info: version: '3.141.59', revision: 'e82be7d358', time: '2018-11-14T08:17:03'
System info: host: 'DESKTOP-OFJ2VPP', ip: '10.0.75.1', os.name: 'Windows 10', os.arch: 'amd64', os.version: '10.0', java.version: '1.8.0_131'
Driver info: driver.version: AndroidDriver
Build info: version: '3.141.59', revision: 'e82be7d358', time: '2018-11-14T08:17:03'
System info: host: 'DESKTOP-OFJ2VPP', ip: '10.0.75.1', os.name: 'Windows 10', os.arch: 'amd64', os.version: '10.0', java.version: '1.8.0_131'
Driver info: driver.version: AndroidDriver)
  java.lang.NullPointerException(null)
2019-59-29 09:59:33.651 [main] ERROR  - There were 2 errors:
  org.openqa.selenium.SessionNotCreatedException(Unable to create a new remote session. Please check the server log for more details. Original error: An unknown server-side error occurred while processing the command. Original error: Could not find app apk at C:\Users\Marina\IdeaProjects\homework_16\src\main\resources\Rozetka_v3.2.2.apk (WARNING: The server did not provide any stacktrace information)
Command duration or timeout: 864 milliseconds
Build info: version: '3.141.59', revision: 'e82be7d358', time: '2018-11-14T08:17:03'
System info: host: 'DESKTOP-OFJ2VPP', ip: '10.0.75.1', os.name: 'Windows 10', os.arch: 'amd64', os.version: '10.0', java.version: '1.8.0_131'
Driver info: driver.version: AndroidDriver
Build info: version: '3.141.59', revision: 'e82be7d358', time: '2018-11-14T08:17:03'
System info: host: 'DESKTOP-OFJ2VPP', ip: '10.0.75.1', os.name: 'Windows 10', os.arch: 'amd64', os.version: '10.0', java.version: '1.8.0_131'
Driver info: driver.version: AndroidDriver)
  java.lang.NullPointerException(null)
2019-21-30 15:21:39.791 [main] ERROR  - There were 2 errors:
  java.lang.NullPointerException(null)
  java.lang.NullPointerException(null)
2019-14-30 16:14:11.581 [main] ERROR  - null
2019-14-30 16:14:57.904 [main] ERROR  - null
2019-17-30 16:17:33.002 [main] ERROR  - null
2019-20-30 16:20:27.747 [main] ERROR  - null
2019-28-30 16:28:27.360 [main] ERROR  - null
2019-47-30 16:47:35.231 [main] ERROR  - null
2019-51-30 16:51:19.964 [main] ERROR  - null
2019-52-30 16:52:57.266 [main] ERROR  - null
2019-58-30 16:58:42.268 [main] ERROR  - null
2019-01-30 17:01:34.515 [main] ERROR  - null
2019-04-30 17:04:01.470 [main] ERROR  - null
2019-05-30 17:05:06.297 [main] ERROR  - null
2019-07-30 17:07:37.910 [main] ERROR  - null
2019-09-30 18:09:19.819 [main] ERROR  - An element could not be located on the page using the given search parameters. (WARNING: The server did not provide any stacktrace information)
Command duration or timeout: 0 milliseconds
For documentation on this error, please visit: https://www.seleniumhq.org/exceptions/no_such_element.html
Build info: version: '3.141.59', revision: 'e82be7d358', time: '2018-11-14T08:17:03'
System info: host: 'DESKTOP-OFJ2VPP', ip: '10.0.75.1', os.name: 'Windows 10', os.arch: 'amd64', os.version: '10.0', java.version: '1.8.0_131'
Driver info: io.appium.java_client.android.AndroidDriver
Capabilities {app: C:\Users\Marina\IdeaProject..., appActivity: ua.com.rozetka.shop.ui.Init..., appPackage: ua.com.rozetka.shop, browserName: , databaseEnabled: false, desired: {app: C:\Users\Marina\IdeaProject..., appActivity: ua.com.rozetka.shop.ui.Init..., appPackage: ua.com.rozetka.shop, browserName: , device: Android, deviceName: MI 5, platformName: Android}, device: Android, deviceManufacturer: Google, deviceModel: Android SDK built for x86, deviceName: emulator-5554, deviceScreenSize: 1080x1920, deviceUDID: emulator-5554, javascriptEnabled: true, locationContextEnabled: false, networkConnectionEnabled: true, platform: LINUX, platformName: Android, platformVersion: 8.0.0, takesScreenshot: true, warnings: {}, webStorageEnabled: false}
Session ID: a6f17f8b-d00c-4595-8e7b-7c04ea1c444e
*** Element info: {Using=xpath, value=.//*[@resource-id='ua.com.rozetka.shop:id/ll_background']}
2019-10-30 18:10:56.453 [main] ERROR  - An element could not be located on the page using the given search parameters. (WARNING: The server did not provide any stacktrace information)
Command duration or timeout: 0 milliseconds
For documentation on this error, please visit: https://www.seleniumhq.org/exceptions/no_such_element.html
Build info: version: '3.141.59', revision: 'e82be7d358', time: '2018-11-14T08:17:03'
System info: host: 'DESKTOP-OFJ2VPP', ip: '10.0.75.1', os.name: 'Windows 10', os.arch: 'amd64', os.version: '10.0', java.version: '1.8.0_131'
Driver info: io.appium.java_client.android.AndroidDriver
Capabilities {app: C:\Users\Marina\IdeaProject..., appActivity: ua.com.rozetka.shop.ui.Init..., appPackage: ua.com.rozetka.shop, browserName: , databaseEnabled: false, desired: {app: C:\Users\Marina\IdeaProject..., appActivity: ua.com.rozetka.shop.ui.Init..., appPackage: ua.com.rozetka.shop, browserName: , device: Android, deviceName: MI 5, platformName: Android}, device: Android, deviceManufacturer: Google, deviceModel: Android SDK built for x86, deviceName: emulator-5554, deviceScreenSize: 1080x1920, deviceUDID: emulator-5554, javascriptEnabled: true, locationContextEnabled: false, networkConnectionEnabled: true, platform: LINUX, platformName: Android, platformVersion: 8.0.0, takesScreenshot: true, warnings: {}, webStorageEnabled: false}
Session ID: b989942e-a727-48e9-be43-d6bb22090ba1
*** Element info: {Using=xpath, value=.//*[@resource-id='ua.com.rozetka.shop:id/ll_background']}
2019-52-30 18:52:13.403 [main] ERROR  - An element could not be located on the page using the given search parameters. (WARNING: The server did not provide any stacktrace information)
Command duration or timeout: 0 milliseconds
For documentation on this error, please visit: https://www.seleniumhq.org/exceptions/no_such_element.html
Build info: version: '3.141.59', revision: 'e82be7d358', time: '2018-11-14T08:17:03'
System info: host: 'DESKTOP-OFJ2VPP', ip: '10.0.75.1', os.name: 'Windows 10', os.arch: 'amd64', os.version: '10.0', java.version: '1.8.0_131'
Driver info: io.appium.java_client.android.AndroidDriver
Capabilities {app: C:\Users\Marina\IdeaProject..., appActivity: ua.com.rozetka.shop.ui.Init..., appPackage: ua.com.rozetka.shop, browserName: , databaseEnabled: false, desired: {app: C:\Users\Marina\IdeaProject..., appActivity: ua.com.rozetka.shop.ui.Init..., appPackage: ua.com.rozetka.shop, browserName: , device: Android, deviceName: MI 5, platformName: Android}, device: Android, deviceManufacturer: Google, deviceModel: Android SDK built for x86, deviceName: emulator-5554, deviceScreenSize: 1080x1920, deviceUDID: emulator-5554, javascriptEnabled: true, locationContextEnabled: false, networkConnectionEnabled: true, platform: LINUX, platformName: Android, platformVersion: 8.0.0, takesScreenshot: true, warnings: {}, webStorageEnabled: false}
Session ID: 8c0f0e3f-1ef4-428b-851f-f6a115c7dd19
*** Element info: {Using=xpath, value=.//*[@resource-id='ua.com.rozetka.shop:id/menu_item_header_tv_sign_in']}
2019-33-30 19:33:49.786 [main] ERROR  - Expected condition failed: waiting for visibility of Proxy element for: DefaultElementLocator 'By.xpath: "//android.widget.Button[contains(@resource-id,'ua.com.rozetka.shop:id/sections_tv_title') and @text=%s']"' (tried for 10 second(s) with 500 milliseconds interval)
2019-35-30 19:35:19.932 [main] ERROR  - Expected condition failed: waiting for visibility of Proxy element for: DefaultElementLocator 'By.xpath: "//android.widget.Button[contains(@resource-id,'ua.com.rozetka.shop:id/sections_tv_title') and @text='%s']"' (tried for 10 second(s) with 500 milliseconds interval)
2019-39-30 19:39:10.745 [main] ERROR  - Expected condition failed: waiting for visibility of Proxy element for: DefaultElementLocator 'By.xpath: "//android.widget.TextView[contains(@resource-id,'ua.com.rozetka.shop:id/sections_tv_title') and @text='%s']"' (tried for 10 second(s) with 500 milliseconds interval)
2019-41-30 19:41:48.570 [main] ERROR  - Expected condition failed: waiting for visibility of Proxy element for: DefaultElementLocator 'By.xpath: //android.widget.TextView[@text='%s']' (tried for 10 second(s) with 500 milliseconds interval)
2019-03-30 22:03:36.160 [main] ERROR  - Expected condition failed: waiting for visibility of Proxy element for: DefaultElementLocator 'By.xpath: .//*[@resource-id=’’][0]' (tried for 10 second(s) with 500 milliseconds interval)
2019-05-30 22:05:24.039 [main] ERROR  - Expected condition failed: waiting for visibility of Proxy element for: DefaultElementLocator 'By.xpath: .//*[@resource-id='ua.com.rozetka.shop:id/rl_background'][0]' (tried for 10 second(s) with 500 milliseconds interval)
2019-06-30 22:06:51.398 [main] ERROR  - Expected condition failed: waiting for visibility of Proxy element for: DefaultElementLocator 'By.xpath: //*[@resource-id='ua.com.rozetka.shop:id/rl_background'][0]' (tried for 10 second(s) with 500 milliseconds interval)
2019-10-30 22:10:46.340 [main] ERROR  - Expected condition failed: waiting for visibility of Proxy element for: DefaultElementLocator 'By.xpath: .//*[@class='android.widget.RelativeLayout'][0]' (tried for 10 second(s) with 500 milliseconds interval)
2019-15-30 22:15:07.750 [main] ERROR  - Expected condition failed: waiting for visibility of Proxy element for: DefaultElementLocator 'By.xpath: //android.widget.TextView[@class='android.widget.RelativeLayout' and @index='0']' (tried for 10 second(s) with 500 milliseconds interval)
2019-19-30 22:19:00.764 [main] ERROR  - Expected condition failed: waiting for visibility of Proxy element for: DefaultElementLocator 'By.xpath: .//*[@class='android.widget.RelativeLayout'][0]' (tried for 10 second(s) with 500 milliseconds interval)
2019-25-30 22:25:27.541 [main] ERROR  - Expected condition failed: waiting for visibility of Proxy element for: DefaultElementLocator 'By.xpath: //ua.com.rozetka.shop:id/rl_background[@index='0']' (tried for 10 second(s) with 500 milliseconds interval)
2019-39-30 22:39:00.528 [main] ERROR  - Expected condition failed: waiting for visibility of Proxy element for: DefaultElementLocator 'By.xpath: //[@resource-id='ua.com.rozetka.shop:id/rv_offers']/uandroid.widget.RelativeLayout[@index='0']' (tried for 10 second(s) with 500 milliseconds interval)
2019-42-30 22:42:51.498 [main] ERROR  - Expected condition failed: waiting for visibility of Proxy element for: DefaultElementLocator 'By.xpath: //ua.com.rozetka.shop:id/ll_root[@index='0']' (tried for 10 second(s) with 500 milliseconds interval)
2019-45-30 22:45:45.765 [main] ERROR  - Expected condition failed: waiting for visibility of Proxy element for: DefaultElementLocator 'By.xpath: .//*[@resource-id=ua.com.rozetka.shop:id/ll_root][@index='0']' (tried for 10 second(s) with 500 milliseconds interval)
2019-52-30 22:52:47.236 [main] ERROR  - Expected condition failed: waiting for visibility of Proxy element for: DefaultElementLocator 'By.xpath: //android.widget.LinearLayout[contains(@resource-id,'ua.com.rozetka.shop:id/ll_root')' (tried for 10 second(s) with 500 milliseconds interval)
2019-27-30 23:27:49.276 [main] ERROR  - expected:<Корзина пуста> but was:<[[io.appium.java_client.android.AndroidDriver, Capabilities: {app=C:\Users\Marina\IdeaProjects\homework_16\src\main\resources\Rozetka_v3.11.0_apkpure.com.apk, appActivity=ua.com.rozetka.shop.ui.InitActivity, appPackage=ua.com.rozetka.shop, browserName=, databaseEnabled=false, desired={app=C:\Users\Marina\IdeaProjects\homework_16\src\main\resources\Rozetka_v3.11.0_apkpure.com.apk, appActivity=ua.com.rozetka.shop.ui.InitActivity, appPackage=ua.com.rozetka.shop, browserName=, platformName=Android, device=Android, deviceName=MI 5}, device=Android, deviceManufacturer=Google, deviceModel=Android SDK built for x86, deviceName=emulator-5554, deviceScreenSize=1080x1920, deviceUDID=emulator-5554, javascriptEnabled=true, locationContextEnabled=false, networkConnectionEnabled=true, platform=LINUX, platformName=Android, platformVersion=8.0.0, takesScreenshot=true, warnings={}, webStorageEnabled=false}] -> xpath: //android.widget.TextView[@text='Корзина пуста']]>
2019-29-30 23:29:29.605 [main] ERROR  - expected:<Корзина пуста> but was:<[[io.appium.java_client.android.AndroidDriver, Capabilities: {app=C:\Users\Marina\IdeaProjects\homework_16\src\main\resources\Rozetka_v3.11.0_apkpure.com.apk, appActivity=ua.com.rozetka.shop.ui.InitActivity, appPackage=ua.com.rozetka.shop, browserName=, databaseEnabled=false, desired={app=C:\Users\Marina\IdeaProjects\homework_16\src\main\resources\Rozetka_v3.11.0_apkpure.com.apk, appActivity=ua.com.rozetka.shop.ui.InitActivity, appPackage=ua.com.rozetka.shop, browserName=, platformName=Android, device=Android, deviceName=MI 5}, device=Android, deviceManufacturer=Google, deviceModel=Android SDK built for x86, deviceName=emulator-5554, deviceScreenSize=1080x1920, deviceUDID=emulator-5554, javascriptEnabled=true, locationContextEnabled=false, networkConnectionEnabled=true, platform=LINUX, platformName=Android, platformVersion=8.0.0, takesScreenshot=true, warnings={}, webStorageEnabled=false}] -> xpath: //android.widget.TextView[@text='Корзина пуста']]>
2019-32-30 23:32:46.556 [main] INFO   - Opened application
2019-42-30 23:42:02.363 [main] INFO   - Opened application
2019-42-30 23:42:09.161 [main] INFO   - Clicked Sign In Link
2019-42-30 23:42:26.047 [main] INFO   - Signed In
2019-42-30 23:42:32.353 [main] INFO   - Clicked Button Catalog
2019-42-30 23:42:36.426 [main] INFO   - Clicked to filter laptop category
2019-42-30 23:42:39.490 [main] INFO   - Clicked to filter laptop subCategory
2019-42-30 23:42:42.988 [main] INFO   - Clicked to filter not hard tasks
2019-42-30 23:42:46.249 [main] INFO   - Clicked to the first product
2019-42-30 23:42:49.953 [main] INFO   - Clicked to button Buy Product
2019-42-30 23:42:55.254 [main] INFO   - Clicked to Back
2019-42-30 23:42:57.137 [main] INFO   - Clicked to cart offer menu
2019-42-30 23:42:58.178 [main] INFO   - Clicked to delete product
2019-43-30 23:43:00.707 [main] INFO   - Checked empty cart
2019-43-30 23:43:03.879 [main] INFO   - Closed application
2019-55-30 23:55:49.892 [main] INFO   - Opened application
2019-55-30 23:55:56.662 [main] INFO   - Clicked Sign In Link
2019-56-30 23:56:13.680 [main] INFO   - Signed In
2019-56-30 23:56:19.924 [main] INFO   - Clicked Button Catalog
2019-56-30 23:56:24.362 [main] INFO   - Clicked to filter laptop category
2019-56-30 23:56:27.349 [main] INFO   - Clicked to filter laptop subCategory
2019-56-30 23:56:30.387 [main] INFO   - Clicked to filter not hard tasks
2019-56-30 23:56:34.923 [main] INFO   - Clicked to the first product
2019-56-30 23:56:38.609 [main] INFO   - Clicked to button Buy Product
2019-56-30 23:56:42.786 [main] INFO   - Clicked to Back
2019-56-30 23:56:44.609 [main] INFO   - Clicked to cart offer menu
2019-56-30 23:56:45.555 [main] INFO   - Clicked to delete product
2019-56-30 23:56:47.999 [main] INFO   - Checked empty cart
2019-56-30 23:56:51.645 [main] INFO   - Closed application
